<?xml version="1.0" encoding="UTF-8"?>
<!-- Generated by org.testng.reporters.JUnitReportReporter -->
<testsuite hostname="Raja-PC" name="Hipbar_user_app.Hipbar_first_scenerio" tests="2" failures="0" timestamp="18 Sep 2017 09:29:45 GMT" time="49.912" errors="0">
  <testcase name="FromStores" time="23.157" classname="Hipbar_user_app.Hipbar_first_scenerio"/>
  <testcase name="BrowsDrinks" time="26.755" classname="Hipbar_user_app.Hipbar_first_scenerio"/>
</testsuite> <!-- Hipbar_user_app.Hipbar_first_scenerio -->
