<?xml version="1.0" encoding="UTF-8"?>
<!-- Generated by org.testng.reporters.JUnitReportReporter -->
<testsuite hostname="Raja-PC" name="Hipbar_user_app.Hipbar_Updated_Module" tests="1" failures="0" timestamp="30 Sep 2017 06:02:23 GMT" time="5.485" errors="0">
  <testcase name="demo" time="5.485" classname="Hipbar_user_app.Hipbar_Updated_Module"/>
</testsuite> <!-- Hipbar_user_app.Hipbar_Updated_Module -->
