<?xml version="1.0" encoding="UTF-8"?>
<!-- Generated by org.testng.reporters.JUnitReportReporter -->
<testsuite hostname="Raja-PC" name="Hipbar_user_app.HomeMenu_test" tests="2" failures="0" timestamp="16 Aug 2017 10:58:32 GMT" time="7.333" errors="0">
  <testcase name="Browse_Drinks" time="7.114" classname="Hipbar_user_app.HomeMenu_test"/>
  <testcase name="Whats_New" time="0.219" classname="Hipbar_user_app.HomeMenu_test"/>
</testsuite> <!-- Hipbar_user_app.HomeMenu_test -->
